<?xml version="1.0" encoding="UTF-8"?>
<!-- Generated by org.testng.reporters.JUnitReportReporter -->
<testsuite hostname="LAPTOP-7M0TA5V8" failures="0" tests="1" name="testpackage1.Facebooklogintest" time="9.012" errors="0" timestamp="2024-06-15T13:16:25 IST" skipped="0">
  <testcase classname="testpackage1.Facebooklogintest" name="logintest" time="9.012"/>
</testsuite> <!-- testpackage1.Facebooklogintest -->
